ERROR - 2024-11-03 20:59:22 --> Error connecting to the database: ErrorException: mysqli::real_connect(): Error while reading greeting packet. PID=7016 in C:\xamppp\htdocs\MODA_GRIPP\system\Database\MySQLi\Connection.php:187
Stack trace:
#0 [internal function]: CodeIgniter\Debug\Exceptions->errorHandler(2, 'mysqli::real_co...', 'C:\\xamppp\\htdoc...', 187)
#1 C:\xamppp\htdocs\MODA_GRIPP\system\Database\MySQLi\Connection.php(187): mysqli->real_connect('localhost', 'root', '', 'grip_base', 3306, '', 0)
#2 C:\xamppp\htdocs\MODA_GRIPP\system\Database\BaseConnection.php(421): CodeIgniter\Database\MySQLi\Connection->connect(false)
#3 C:\xamppp\htdocs\MODA_GRIPP\system\Database\BaseConnection.php(616): CodeIgniter\Database\BaseConnection->initialize()
#4 C:\xamppp\htdocs\MODA_GRIPP\system\Database\BaseBuilder.php(1636): CodeIgniter\Database\BaseConnection->query('SELECT *\nFROM `...', Array, false)
#5 C:\xamppp\htdocs\MODA_GRIPP\system\Model.php(286): CodeIgniter\Database\BaseBuilder->get()
#6 C:\xamppp\htdocs\MODA_GRIPP\system\BaseModel.php(676): CodeIgniter\Model->doFindAll(0, 0)
#7 C:\xamppp\htdocs\MODA_GRIPP\app\Controllers\Home.php(15): CodeIgniter\BaseModel->findAll()
#8 C:\xamppp\htdocs\MODA_GRIPP\system\CodeIgniter.php(933): App\Controllers\Home->index()
#9 C:\xamppp\htdocs\MODA_GRIPP\system\CodeIgniter.php(509): CodeIgniter\CodeIgniter->runController(Object(App\Controllers\Home))
#10 C:\xamppp\htdocs\MODA_GRIPP\system\CodeIgniter.php(355): CodeIgniter\CodeIgniter->handleRequest(NULL, Object(Config\Cache), false)
#11 C:\xamppp\htdocs\MODA_GRIPP\system\Boot.php(325): CodeIgniter\CodeIgniter->run()
#12 C:\xamppp\htdocs\MODA_GRIPP\system\Boot.php(67): CodeIgniter\Boot::runCodeIgniter(Object(CodeIgniter\CodeIgniter))
#13 C:\xamppp\htdocs\MODA_GRIPP\public\index.php(56): CodeIgniter\Boot::bootWeb(Object(Config\Paths))
#14 {main}

Next mysqli_sql_exception: MySQL server has gone away in C:\xamppp\htdocs\MODA_GRIPP\system\Database\MySQLi\Connection.php:187
Stack trace:
#0 C:\xamppp\htdocs\MODA_GRIPP\system\Database\MySQLi\Connection.php(187): mysqli->real_connect('localhost', 'root', '', 'grip_base', 3306, '', 0)
#1 C:\xamppp\htdocs\MODA_GRIPP\system\Database\BaseConnection.php(421): CodeIgniter\Database\MySQLi\Connection->connect(false)
#2 C:\xamppp\htdocs\MODA_GRIPP\system\Database\BaseConnection.php(616): CodeIgniter\Database\BaseConnection->initialize()
#3 C:\xamppp\htdocs\MODA_GRIPP\system\Database\BaseBuilder.php(1636): CodeIgniter\Database\BaseConnection->query('SELECT *\nFROM `...', Array, false)
#4 C:\xamppp\htdocs\MODA_GRIPP\system\Model.php(286): CodeIgniter\Database\BaseBuilder->get()
#5 C:\xamppp\htdocs\MODA_GRIPP\system\BaseModel.php(676): CodeIgniter\Model->doFindAll(0, 0)
#6 C:\xamppp\htdocs\MODA_GRIPP\app\Controllers\Home.php(15): CodeIgniter\BaseModel->findAll()
#7 C:\xamppp\htdocs\MODA_GRIPP\system\CodeIgniter.php(933): App\Controllers\Home->index()
#8 C:\xamppp\htdocs\MODA_GRIPP\system\CodeIgniter.php(509): CodeIgniter\CodeIgniter->runController(Object(App\Controllers\Home))
#9 C:\xamppp\htdocs\MODA_GRIPP\system\CodeIgniter.php(355): CodeIgniter\CodeIgniter->handleRequest(NULL, Object(Config\Cache), false)
#10 C:\xamppp\htdocs\MODA_GRIPP\system\Boot.php(325): CodeIgniter\CodeIgniter->run()
#11 C:\xamppp\htdocs\MODA_GRIPP\system\Boot.php(67): CodeIgniter\Boot::runCodeIgniter(Object(CodeIgniter\CodeIgniter))
#12 C:\xamppp\htdocs\MODA_GRIPP\public\index.php(56): CodeIgniter\Boot::bootWeb(Object(Config\Paths))
#13 {main}

Next CodeIgniter\Database\Exceptions\DatabaseException: MySQL server has gone away in C:\xamppp\htdocs\MODA_GRIPP\system\Database\MySQLi\Connection.php:231
Stack trace:
#0 C:\xamppp\htdocs\MODA_GRIPP\system\Database\BaseConnection.php(421): CodeIgniter\Database\MySQLi\Connection->connect(false)
#1 C:\xamppp\htdocs\MODA_GRIPP\system\Database\BaseConnection.php(616): CodeIgniter\Database\BaseConnection->initialize()
#2 C:\xamppp\htdocs\MODA_GRIPP\system\Database\BaseBuilder.php(1636): CodeIgniter\Database\BaseConnection->query('SELECT *\nFROM `...', Array, false)
#3 C:\xamppp\htdocs\MODA_GRIPP\system\Model.php(286): CodeIgniter\Database\BaseBuilder->get()
#4 C:\xamppp\htdocs\MODA_GRIPP\system\BaseModel.php(676): CodeIgniter\Model->doFindAll(0, 0)
#5 C:\xamppp\htdocs\MODA_GRIPP\app\Controllers\Home.php(15): CodeIgniter\BaseModel->findAll()
#6 C:\xamppp\htdocs\MODA_GRIPP\system\CodeIgniter.php(933): App\Controllers\Home->index()
#7 C:\xamppp\htdocs\MODA_GRIPP\system\CodeIgniter.php(509): CodeIgniter\CodeIgniter->runController(Object(App\Controllers\Home))
#8 C:\xamppp\htdocs\MODA_GRIPP\system\CodeIgniter.php(355): CodeIgniter\CodeIgniter->handleRequest(NULL, Object(Config\Cache), false)
#9 C:\xamppp\htdocs\MODA_GRIPP\system\Boot.php(325): CodeIgniter\CodeIgniter->run()
#10 C:\xamppp\htdocs\MODA_GRIPP\system\Boot.php(67): CodeIgniter\Boot::runCodeIgniter(Object(CodeIgniter\CodeIgniter))
#11 C:\xamppp\htdocs\MODA_GRIPP\public\index.php(56): CodeIgniter\Boot::bootWeb(Object(Config\Paths))
#12 {main}
CRITICAL - 2024-11-03 20:59:22 --> CodeIgniter\Database\Exceptions\DatabaseException: Unable to connect to the database.
Main connection [MySQLi]: MySQL server has gone away
[Method: GET, Route: /]
in SYSTEMPATH\Database\BaseConnection.php on line 467.
 1 SYSTEMPATH\Database\BaseConnection.php(616): CodeIgniter\Database\BaseConnection->initialize()
 2 SYSTEMPATH\Database\BaseBuilder.php(1636): CodeIgniter\Database\BaseConnection->query('SELECT *
FROM `producto`', [], false)
 3 SYSTEMPATH\Model.php(286): CodeIgniter\Database\BaseBuilder->get()
 4 SYSTEMPATH\BaseModel.php(676): CodeIgniter\Model->doFindAll(0, 0)
 5 APPPATH\Controllers\Home.php(15): CodeIgniter\BaseModel->findAll()
 6 SYSTEMPATH\CodeIgniter.php(933): App\Controllers\Home->index()
 7 SYSTEMPATH\CodeIgniter.php(509): CodeIgniter\CodeIgniter->runController(Object(App\Controllers\Home))
 8 SYSTEMPATH\CodeIgniter.php(355): CodeIgniter\CodeIgniter->handleRequest(null, Object(Config\Cache), false)
 9 SYSTEMPATH\Boot.php(325): CodeIgniter\CodeIgniter->run()
10 SYSTEMPATH\Boot.php(67): CodeIgniter\Boot::runCodeIgniter(Object(CodeIgniter\CodeIgniter))
11 FCPATH\index.php(56): CodeIgniter\Boot::bootWeb(Object(Config\Paths))
ERROR - 2024-11-03 21:00:27 --> Error connecting to the database: ErrorException: mysqli::real_connect(): Error while reading greeting packet. PID=7016 in C:\xamppp\htdocs\MODA_GRIPP\system\Database\MySQLi\Connection.php:187
Stack trace:
#0 [internal function]: CodeIgniter\Debug\Exceptions->errorHandler(2, 'mysqli::real_co...', 'C:\\xamppp\\htdoc...', 187)
#1 C:\xamppp\htdocs\MODA_GRIPP\system\Database\MySQLi\Connection.php(187): mysqli->real_connect('localhost', 'root', '', 'grip_base', 3306, '', 0)
#2 C:\xamppp\htdocs\MODA_GRIPP\system\Database\BaseConnection.php(421): CodeIgniter\Database\MySQLi\Connection->connect(false)
#3 C:\xamppp\htdocs\MODA_GRIPP\system\Database\BaseConnection.php(616): CodeIgniter\Database\BaseConnection->initialize()
#4 C:\xamppp\htdocs\MODA_GRIPP\system\Database\BaseBuilder.php(1636): CodeIgniter\Database\BaseConnection->query('SELECT *\nFROM `...', Array, false)
#5 C:\xamppp\htdocs\MODA_GRIPP\system\Model.php(286): CodeIgniter\Database\BaseBuilder->get()
#6 C:\xamppp\htdocs\MODA_GRIPP\system\BaseModel.php(676): CodeIgniter\Model->doFindAll(0, 0)
#7 C:\xamppp\htdocs\MODA_GRIPP\app\Controllers\Home.php(15): CodeIgniter\BaseModel->findAll()
#8 C:\xamppp\htdocs\MODA_GRIPP\system\CodeIgniter.php(933): App\Controllers\Home->index()
#9 C:\xamppp\htdocs\MODA_GRIPP\system\CodeIgniter.php(509): CodeIgniter\CodeIgniter->runController(Object(App\Controllers\Home))
#10 C:\xamppp\htdocs\MODA_GRIPP\system\CodeIgniter.php(355): CodeIgniter\CodeIgniter->handleRequest(NULL, Object(Config\Cache), false)
#11 C:\xamppp\htdocs\MODA_GRIPP\system\Boot.php(325): CodeIgniter\CodeIgniter->run()
#12 C:\xamppp\htdocs\MODA_GRIPP\system\Boot.php(67): CodeIgniter\Boot::runCodeIgniter(Object(CodeIgniter\CodeIgniter))
#13 C:\xamppp\htdocs\MODA_GRIPP\public\index.php(56): CodeIgniter\Boot::bootWeb(Object(Config\Paths))
#14 {main}

Next mysqli_sql_exception: MySQL server has gone away in C:\xamppp\htdocs\MODA_GRIPP\system\Database\MySQLi\Connection.php:187
Stack trace:
#0 C:\xamppp\htdocs\MODA_GRIPP\system\Database\MySQLi\Connection.php(187): mysqli->real_connect('localhost', 'root', '', 'grip_base', 3306, '', 0)
#1 C:\xamppp\htdocs\MODA_GRIPP\system\Database\BaseConnection.php(421): CodeIgniter\Database\MySQLi\Connection->connect(false)
#2 C:\xamppp\htdocs\MODA_GRIPP\system\Database\BaseConnection.php(616): CodeIgniter\Database\BaseConnection->initialize()
#3 C:\xamppp\htdocs\MODA_GRIPP\system\Database\BaseBuilder.php(1636): CodeIgniter\Database\BaseConnection->query('SELECT *\nFROM `...', Array, false)
#4 C:\xamppp\htdocs\MODA_GRIPP\system\Model.php(286): CodeIgniter\Database\BaseBuilder->get()
#5 C:\xamppp\htdocs\MODA_GRIPP\system\BaseModel.php(676): CodeIgniter\Model->doFindAll(0, 0)
#6 C:\xamppp\htdocs\MODA_GRIPP\app\Controllers\Home.php(15): CodeIgniter\BaseModel->findAll()
#7 C:\xamppp\htdocs\MODA_GRIPP\system\CodeIgniter.php(933): App\Controllers\Home->index()
#8 C:\xamppp\htdocs\MODA_GRIPP\system\CodeIgniter.php(509): CodeIgniter\CodeIgniter->runController(Object(App\Controllers\Home))
#9 C:\xamppp\htdocs\MODA_GRIPP\system\CodeIgniter.php(355): CodeIgniter\CodeIgniter->handleRequest(NULL, Object(Config\Cache), false)
#10 C:\xamppp\htdocs\MODA_GRIPP\system\Boot.php(325): CodeIgniter\CodeIgniter->run()
#11 C:\xamppp\htdocs\MODA_GRIPP\system\Boot.php(67): CodeIgniter\Boot::runCodeIgniter(Object(CodeIgniter\CodeIgniter))
#12 C:\xamppp\htdocs\MODA_GRIPP\public\index.php(56): CodeIgniter\Boot::bootWeb(Object(Config\Paths))
#13 {main}

Next CodeIgniter\Database\Exceptions\DatabaseException: MySQL server has gone away in C:\xamppp\htdocs\MODA_GRIPP\system\Database\MySQLi\Connection.php:231
Stack trace:
#0 C:\xamppp\htdocs\MODA_GRIPP\system\Database\BaseConnection.php(421): CodeIgniter\Database\MySQLi\Connection->connect(false)
#1 C:\xamppp\htdocs\MODA_GRIPP\system\Database\BaseConnection.php(616): CodeIgniter\Database\BaseConnection->initialize()
#2 C:\xamppp\htdocs\MODA_GRIPP\system\Database\BaseBuilder.php(1636): CodeIgniter\Database\BaseConnection->query('SELECT *\nFROM `...', Array, false)
#3 C:\xamppp\htdocs\MODA_GRIPP\system\Model.php(286): CodeIgniter\Database\BaseBuilder->get()
#4 C:\xamppp\htdocs\MODA_GRIPP\system\BaseModel.php(676): CodeIgniter\Model->doFindAll(0, 0)
#5 C:\xamppp\htdocs\MODA_GRIPP\app\Controllers\Home.php(15): CodeIgniter\BaseModel->findAll()
#6 C:\xamppp\htdocs\MODA_GRIPP\system\CodeIgniter.php(933): App\Controllers\Home->index()
#7 C:\xamppp\htdocs\MODA_GRIPP\system\CodeIgniter.php(509): CodeIgniter\CodeIgniter->runController(Object(App\Controllers\Home))
#8 C:\xamppp\htdocs\MODA_GRIPP\system\CodeIgniter.php(355): CodeIgniter\CodeIgniter->handleRequest(NULL, Object(Config\Cache), false)
#9 C:\xamppp\htdocs\MODA_GRIPP\system\Boot.php(325): CodeIgniter\CodeIgniter->run()
#10 C:\xamppp\htdocs\MODA_GRIPP\system\Boot.php(67): CodeIgniter\Boot::runCodeIgniter(Object(CodeIgniter\CodeIgniter))
#11 C:\xamppp\htdocs\MODA_GRIPP\public\index.php(56): CodeIgniter\Boot::bootWeb(Object(Config\Paths))
#12 {main}
ERROR - 2024-11-03 21:00:27 --> Error connecting to the database: ErrorException: mysqli::real_connect(): Error while reading greeting packet. PID=7016 in C:\xamppp\htdocs\MODA_GRIPP\system\Database\MySQLi\Connection.php:187
Stack trace:
#0 [internal function]: CodeIgniter\Debug\Exceptions->errorHandler(2, 'mysqli::real_co...', 'C:\\xamppp\\htdoc...', 187)
#1 C:\xamppp\htdocs\MODA_GRIPP\system\Database\MySQLi\Connection.php(187): mysqli->real_connect('localhost', 'root', '', 'grip_base', 3306, '', 0)
#2 C:\xamppp\htdocs\MODA_GRIPP\system\Database\BaseConnection.php(421): CodeIgniter\Database\MySQLi\Connection->connect(false)
#3 C:\xamppp\htdocs\MODA_GRIPP\system\Database\BaseConnection.php(616): CodeIgniter\Database\BaseConnection->initialize()
#4 C:\xamppp\htdocs\MODA_GRIPP\system\Database\BaseBuilder.php(1636): CodeIgniter\Database\BaseConnection->query('SELECT *\nFROM `...', Array, false)
#5 C:\xamppp\htdocs\MODA_GRIPP\system\Model.php(286): CodeIgniter\Database\BaseBuilder->get()
#6 C:\xamppp\htdocs\MODA_GRIPP\system\BaseModel.php(676): CodeIgniter\Model->doFindAll(0, 0)
#7 C:\xamppp\htdocs\MODA_GRIPP\app\Controllers\Home.php(15): CodeIgniter\BaseModel->findAll()
#8 C:\xamppp\htdocs\MODA_GRIPP\system\CodeIgniter.php(933): App\Controllers\Home->index()
#9 C:\xamppp\htdocs\MODA_GRIPP\system\CodeIgniter.php(509): CodeIgniter\CodeIgniter->runController(Object(App\Controllers\Home))
#10 C:\xamppp\htdocs\MODA_GRIPP\system\CodeIgniter.php(355): CodeIgniter\CodeIgniter->handleRequest(NULL, Object(Config\Cache), false)
#11 C:\xamppp\htdocs\MODA_GRIPP\system\Boot.php(325): CodeIgniter\CodeIgniter->run()
#12 C:\xamppp\htdocs\MODA_GRIPP\system\Boot.php(67): CodeIgniter\Boot::runCodeIgniter(Object(CodeIgniter\CodeIgniter))
#13 C:\xamppp\htdocs\MODA_GRIPP\public\index.php(56): CodeIgniter\Boot::bootWeb(Object(Config\Paths))
#14 {main}

Next mysqli_sql_exception: MySQL server has gone away in C:\xamppp\htdocs\MODA_GRIPP\system\Database\MySQLi\Connection.php:187
Stack trace:
#0 C:\xamppp\htdocs\MODA_GRIPP\system\Database\MySQLi\Connection.php(187): mysqli->real_connect('localhost', 'root', '', 'grip_base', 3306, '', 0)
#1 C:\xamppp\htdocs\MODA_GRIPP\system\Database\BaseConnection.php(421): CodeIgniter\Database\MySQLi\Connection->connect(false)
#2 C:\xamppp\htdocs\MODA_GRIPP\system\Database\BaseConnection.php(616): CodeIgniter\Database\BaseConnection->initialize()
#3 C:\xamppp\htdocs\MODA_GRIPP\system\Database\BaseBuilder.php(1636): CodeIgniter\Database\BaseConnection->query('SELECT *\nFROM `...', Array, false)
#4 C:\xamppp\htdocs\MODA_GRIPP\system\Model.php(286): CodeIgniter\Database\BaseBuilder->get()
#5 C:\xamppp\htdocs\MODA_GRIPP\system\BaseModel.php(676): CodeIgniter\Model->doFindAll(0, 0)
#6 C:\xamppp\htdocs\MODA_GRIPP\app\Controllers\Home.php(15): CodeIgniter\BaseModel->findAll()
#7 C:\xamppp\htdocs\MODA_GRIPP\system\CodeIgniter.php(933): App\Controllers\Home->index()
#8 C:\xamppp\htdocs\MODA_GRIPP\system\CodeIgniter.php(509): CodeIgniter\CodeIgniter->runController(Object(App\Controllers\Home))
#9 C:\xamppp\htdocs\MODA_GRIPP\system\CodeIgniter.php(355): CodeIgniter\CodeIgniter->handleRequest(NULL, Object(Config\Cache), false)
#10 C:\xamppp\htdocs\MODA_GRIPP\system\Boot.php(325): CodeIgniter\CodeIgniter->run()
#11 C:\xamppp\htdocs\MODA_GRIPP\system\Boot.php(67): CodeIgniter\Boot::runCodeIgniter(Object(CodeIgniter\CodeIgniter))
#12 C:\xamppp\htdocs\MODA_GRIPP\public\index.php(56): CodeIgniter\Boot::bootWeb(Object(Config\Paths))
#13 {main}

Next CodeIgniter\Database\Exceptions\DatabaseException: MySQL server has gone away in C:\xamppp\htdocs\MODA_GRIPP\system\Database\MySQLi\Connection.php:231
Stack trace:
#0 C:\xamppp\htdocs\MODA_GRIPP\system\Database\BaseConnection.php(421): CodeIgniter\Database\MySQLi\Connection->connect(false)
#1 C:\xamppp\htdocs\MODA_GRIPP\system\Database\BaseConnection.php(616): CodeIgniter\Database\BaseConnection->initialize()
#2 C:\xamppp\htdocs\MODA_GRIPP\system\Database\BaseBuilder.php(1636): CodeIgniter\Database\BaseConnection->query('SELECT *\nFROM `...', Array, false)
#3 C:\xamppp\htdocs\MODA_GRIPP\system\Model.php(286): CodeIgniter\Database\BaseBuilder->get()
#4 C:\xamppp\htdocs\MODA_GRIPP\system\BaseModel.php(676): CodeIgniter\Model->doFindAll(0, 0)
#5 C:\xamppp\htdocs\MODA_GRIPP\app\Controllers\Home.php(15): CodeIgniter\BaseModel->findAll()
#6 C:\xamppp\htdocs\MODA_GRIPP\system\CodeIgniter.php(933): App\Controllers\Home->index()
#7 C:\xamppp\htdocs\MODA_GRIPP\system\CodeIgniter.php(509): CodeIgniter\CodeIgniter->runController(Object(App\Controllers\Home))
#8 C:\xamppp\htdocs\MODA_GRIPP\system\CodeIgniter.php(355): CodeIgniter\CodeIgniter->handleRequest(NULL, Object(Config\Cache), false)
#9 C:\xamppp\htdocs\MODA_GRIPP\system\Boot.php(325): CodeIgniter\CodeIgniter->run()
#10 C:\xamppp\htdocs\MODA_GRIPP\system\Boot.php(67): CodeIgniter\Boot::runCodeIgniter(Object(CodeIgniter\CodeIgniter))
#11 C:\xamppp\htdocs\MODA_GRIPP\public\index.php(56): CodeIgniter\Boot::bootWeb(Object(Config\Paths))
#12 {main}
ERROR - 2024-11-03 21:00:27 --> Error connecting to the database: ErrorException: mysqli::real_connect(): Error while reading greeting packet. PID=7016 in C:\xamppp\htdocs\MODA_GRIPP\system\Database\MySQLi\Connection.php:187
Stack trace:
#0 [internal function]: CodeIgniter\Debug\Exceptions->errorHandler(2, 'mysqli::real_co...', 'C:\\xamppp\\htdoc...', 187)
#1 C:\xamppp\htdocs\MODA_GRIPP\system\Database\MySQLi\Connection.php(187): mysqli->real_connect('localhost', 'root', '', 'grip_base', 3306, '', 0)
#2 C:\xamppp\htdocs\MODA_GRIPP\system\Database\BaseConnection.php(421): CodeIgniter\Database\MySQLi\Connection->connect(false)
#3 C:\xamppp\htdocs\MODA_GRIPP\system\Database\BaseConnection.php(616): CodeIgniter\Database\BaseConnection->initialize()
#4 C:\xamppp\htdocs\MODA_GRIPP\system\Database\BaseBuilder.php(1636): CodeIgniter\Database\BaseConnection->query('SELECT *\nFROM `...', Array, false)
#5 C:\xamppp\htdocs\MODA_GRIPP\system\Model.php(286): CodeIgniter\Database\BaseBuilder->get()
#6 C:\xamppp\htdocs\MODA_GRIPP\system\BaseModel.php(676): CodeIgniter\Model->doFindAll(0, 0)
#7 C:\xamppp\htdocs\MODA_GRIPP\app\Controllers\Home.php(15): CodeIgniter\BaseModel->findAll()
#8 C:\xamppp\htdocs\MODA_GRIPP\system\CodeIgniter.php(933): App\Controllers\Home->index()
#9 C:\xamppp\htdocs\MODA_GRIPP\system\CodeIgniter.php(509): CodeIgniter\CodeIgniter->runController(Object(App\Controllers\Home))
#10 C:\xamppp\htdocs\MODA_GRIPP\system\CodeIgniter.php(355): CodeIgniter\CodeIgniter->handleRequest(NULL, Object(Config\Cache), false)
#11 C:\xamppp\htdocs\MODA_GRIPP\system\Boot.php(325): CodeIgniter\CodeIgniter->run()
#12 C:\xamppp\htdocs\MODA_GRIPP\system\Boot.php(67): CodeIgniter\Boot::runCodeIgniter(Object(CodeIgniter\CodeIgniter))
#13 C:\xamppp\htdocs\MODA_GRIPP\public\index.php(56): CodeIgniter\Boot::bootWeb(Object(Config\Paths))
#14 {main}

Next mysqli_sql_exception: MySQL server has gone away in C:\xamppp\htdocs\MODA_GRIPP\system\Database\MySQLi\Connection.php:187
Stack trace:
#0 C:\xamppp\htdocs\MODA_GRIPP\system\Database\MySQLi\Connection.php(187): mysqli->real_connect('localhost', 'root', '', 'grip_base', 3306, '', 0)
#1 C:\xamppp\htdocs\MODA_GRIPP\system\Database\BaseConnection.php(421): CodeIgniter\Database\MySQLi\Connection->connect(false)
#2 C:\xamppp\htdocs\MODA_GRIPP\system\Database\BaseConnection.php(616): CodeIgniter\Database\BaseConnection->initialize()
#3 C:\xamppp\htdocs\MODA_GRIPP\system\Database\BaseBuilder.php(1636): CodeIgniter\Database\BaseConnection->query('SELECT *\nFROM `...', Array, false)
#4 C:\xamppp\htdocs\MODA_GRIPP\system\Model.php(286): CodeIgniter\Database\BaseBuilder->get()
#5 C:\xamppp\htdocs\MODA_GRIPP\system\BaseModel.php(676): CodeIgniter\Model->doFindAll(0, 0)
#6 C:\xamppp\htdocs\MODA_GRIPP\app\Controllers\Home.php(15): CodeIgniter\BaseModel->findAll()
#7 C:\xamppp\htdocs\MODA_GRIPP\system\CodeIgniter.php(933): App\Controllers\Home->index()
#8 C:\xamppp\htdocs\MODA_GRIPP\system\CodeIgniter.php(509): CodeIgniter\CodeIgniter->runController(Object(App\Controllers\Home))
#9 C:\xamppp\htdocs\MODA_GRIPP\system\CodeIgniter.php(355): CodeIgniter\CodeIgniter->handleRequest(NULL, Object(Config\Cache), false)
#10 C:\xamppp\htdocs\MODA_GRIPP\system\Boot.php(325): CodeIgniter\CodeIgniter->run()
#11 C:\xamppp\htdocs\MODA_GRIPP\system\Boot.php(67): CodeIgniter\Boot::runCodeIgniter(Object(CodeIgniter\CodeIgniter))
#12 C:\xamppp\htdocs\MODA_GRIPP\public\index.php(56): CodeIgniter\Boot::bootWeb(Object(Config\Paths))
#13 {main}

Next CodeIgniter\Database\Exceptions\DatabaseException: MySQL server has gone away in C:\xamppp\htdocs\MODA_GRIPP\system\Database\MySQLi\Connection.php:231
Stack trace:
#0 C:\xamppp\htdocs\MODA_GRIPP\system\Database\BaseConnection.php(421): CodeIgniter\Database\MySQLi\Connection->connect(false)
#1 C:\xamppp\htdocs\MODA_GRIPP\system\Database\BaseConnection.php(616): CodeIgniter\Database\BaseConnection->initialize()
#2 C:\xamppp\htdocs\MODA_GRIPP\system\Database\BaseBuilder.php(1636): CodeIgniter\Database\BaseConnection->query('SELECT *\nFROM `...', Array, false)
#3 C:\xamppp\htdocs\MODA_GRIPP\system\Model.php(286): CodeIgniter\Database\BaseBuilder->get()
#4 C:\xamppp\htdocs\MODA_GRIPP\system\BaseModel.php(676): CodeIgniter\Model->doFindAll(0, 0)
#5 C:\xamppp\htdocs\MODA_GRIPP\app\Controllers\Home.php(15): CodeIgniter\BaseModel->findAll()
#6 C:\xamppp\htdocs\MODA_GRIPP\system\CodeIgniter.php(933): App\Controllers\Home->index()
#7 C:\xamppp\htdocs\MODA_GRIPP\system\CodeIgniter.php(509): CodeIgniter\CodeIgniter->runController(Object(App\Controllers\Home))
#8 C:\xamppp\htdocs\MODA_GRIPP\system\CodeIgniter.php(355): CodeIgniter\CodeIgniter->handleRequest(NULL, Object(Config\Cache), false)
#9 C:\xamppp\htdocs\MODA_GRIPP\system\Boot.php(325): CodeIgniter\CodeIgniter->run()
#10 C:\xamppp\htdocs\MODA_GRIPP\system\Boot.php(67): CodeIgniter\Boot::runCodeIgniter(Object(CodeIgniter\CodeIgniter))
#11 C:\xamppp\htdocs\MODA_GRIPP\public\index.php(56): CodeIgniter\Boot::bootWeb(Object(Config\Paths))
#12 {main}
CRITICAL - 2024-11-03 21:00:27 --> CodeIgniter\Database\Exceptions\DatabaseException: Unable to connect to the database.
Main connection [MySQLi]: MySQL server has gone away
[Method: GET, Route: /]
in SYSTEMPATH\Database\BaseConnection.php on line 467.
 1 SYSTEMPATH\Database\BaseConnection.php(616): CodeIgniter\Database\BaseConnection->initialize()
 2 SYSTEMPATH\Database\BaseBuilder.php(1636): CodeIgniter\Database\BaseConnection->query('SELECT *
FROM `producto`', [], false)
 3 SYSTEMPATH\Model.php(286): CodeIgniter\Database\BaseBuilder->get()
 4 SYSTEMPATH\BaseModel.php(676): CodeIgniter\Model->doFindAll(0, 0)
 5 APPPATH\Controllers\Home.php(15): CodeIgniter\BaseModel->findAll()
 6 SYSTEMPATH\CodeIgniter.php(933): App\Controllers\Home->index()
 7 SYSTEMPATH\CodeIgniter.php(509): CodeIgniter\CodeIgniter->runController(Object(App\Controllers\Home))
 8 SYSTEMPATH\CodeIgniter.php(355): CodeIgniter\CodeIgniter->handleRequest(null, Object(Config\Cache), false)
 9 SYSTEMPATH\Boot.php(325): CodeIgniter\CodeIgniter->run()
10 SYSTEMPATH\Boot.php(67): CodeIgniter\Boot::runCodeIgniter(Object(CodeIgniter\CodeIgniter))
11 FCPATH\index.php(56): CodeIgniter\Boot::bootWeb(Object(Config\Paths))
CRITICAL - 2024-11-03 21:00:27 --> CodeIgniter\Database\Exceptions\DatabaseException: Unable to connect to the database.
Main connection [MySQLi]: MySQL server has gone away
[Method: GET, Route: /]
in SYSTEMPATH\Database\BaseConnection.php on line 467.
 1 SYSTEMPATH\Database\BaseConnection.php(616): CodeIgniter\Database\BaseConnection->initialize()
 2 SYSTEMPATH\Database\BaseBuilder.php(1636): CodeIgniter\Database\BaseConnection->query('SELECT *
FROM `producto`', [], false)
 3 SYSTEMPATH\Model.php(286): CodeIgniter\Database\BaseBuilder->get()
 4 SYSTEMPATH\BaseModel.php(676): CodeIgniter\Model->doFindAll(0, 0)
 5 APPPATH\Controllers\Home.php(15): CodeIgniter\BaseModel->findAll()
 6 SYSTEMPATH\CodeIgniter.php(933): App\Controllers\Home->index()
 7 SYSTEMPATH\CodeIgniter.php(509): CodeIgniter\CodeIgniter->runController(Object(App\Controllers\Home))
 8 SYSTEMPATH\CodeIgniter.php(355): CodeIgniter\CodeIgniter->handleRequest(null, Object(Config\Cache), false)
 9 SYSTEMPATH\Boot.php(325): CodeIgniter\CodeIgniter->run()
10 SYSTEMPATH\Boot.php(67): CodeIgniter\Boot::runCodeIgniter(Object(CodeIgniter\CodeIgniter))
11 FCPATH\index.php(56): CodeIgniter\Boot::bootWeb(Object(Config\Paths))
CRITICAL - 2024-11-03 21:00:27 --> CodeIgniter\Database\Exceptions\DatabaseException: Unable to connect to the database.
Main connection [MySQLi]: MySQL server has gone away
[Method: GET, Route: /]
in SYSTEMPATH\Database\BaseConnection.php on line 467.
 1 SYSTEMPATH\Database\BaseConnection.php(616): CodeIgniter\Database\BaseConnection->initialize()
 2 SYSTEMPATH\Database\BaseBuilder.php(1636): CodeIgniter\Database\BaseConnection->query('SELECT *
FROM `producto`', [], false)
 3 SYSTEMPATH\Model.php(286): CodeIgniter\Database\BaseBuilder->get()
 4 SYSTEMPATH\BaseModel.php(676): CodeIgniter\Model->doFindAll(0, 0)
 5 APPPATH\Controllers\Home.php(15): CodeIgniter\BaseModel->findAll()
 6 SYSTEMPATH\CodeIgniter.php(933): App\Controllers\Home->index()
 7 SYSTEMPATH\CodeIgniter.php(509): CodeIgniter\CodeIgniter->runController(Object(App\Controllers\Home))
 8 SYSTEMPATH\CodeIgniter.php(355): CodeIgniter\CodeIgniter->handleRequest(null, Object(Config\Cache), false)
 9 SYSTEMPATH\Boot.php(325): CodeIgniter\CodeIgniter->run()
10 SYSTEMPATH\Boot.php(67): CodeIgniter\Boot::runCodeIgniter(Object(CodeIgniter\CodeIgniter))
11 FCPATH\index.php(56): CodeIgniter\Boot::bootWeb(Object(Config\Paths))
ERROR - 2024-11-03 21:00:56 --> Error connecting to the database: mysqli_sql_exception: No se puede establecer una conexión ya que el equipo de destino denegó expresamente dicha conexión in C:\xamppp\htdocs\MODA_GRIPP\system\Database\MySQLi\Connection.php:187
Stack trace:
#0 C:\xamppp\htdocs\MODA_GRIPP\system\Database\MySQLi\Connection.php(187): mysqli->real_connect('localhost', 'root', '', 'grip_base', 3306, '', 0)
#1 C:\xamppp\htdocs\MODA_GRIPP\system\Database\BaseConnection.php(421): CodeIgniter\Database\MySQLi\Connection->connect(false)
#2 C:\xamppp\htdocs\MODA_GRIPP\system\Database\BaseConnection.php(616): CodeIgniter\Database\BaseConnection->initialize()
#3 C:\xamppp\htdocs\MODA_GRIPP\system\Database\BaseBuilder.php(1636): CodeIgniter\Database\BaseConnection->query('SELECT *\nFROM `...', Array, false)
#4 C:\xamppp\htdocs\MODA_GRIPP\system\Model.php(286): CodeIgniter\Database\BaseBuilder->get()
#5 C:\xamppp\htdocs\MODA_GRIPP\system\BaseModel.php(676): CodeIgniter\Model->doFindAll(0, 0)
#6 C:\xamppp\htdocs\MODA_GRIPP\app\Controllers\Home.php(15): CodeIgniter\BaseModel->findAll()
#7 C:\xamppp\htdocs\MODA_GRIPP\system\CodeIgniter.php(933): App\Controllers\Home->index()
#8 C:\xamppp\htdocs\MODA_GRIPP\system\CodeIgniter.php(509): CodeIgniter\CodeIgniter->runController(Object(App\Controllers\Home))
#9 C:\xamppp\htdocs\MODA_GRIPP\system\CodeIgniter.php(355): CodeIgniter\CodeIgniter->handleRequest(NULL, Object(Config\Cache), false)
#10 C:\xamppp\htdocs\MODA_GRIPP\system\Boot.php(325): CodeIgniter\CodeIgniter->run()
#11 C:\xamppp\htdocs\MODA_GRIPP\system\Boot.php(67): CodeIgniter\Boot::runCodeIgniter(Object(CodeIgniter\CodeIgniter))
#12 C:\xamppp\htdocs\MODA_GRIPP\public\index.php(56): CodeIgniter\Boot::bootWeb(Object(Config\Paths))
#13 {main}

Next CodeIgniter\Database\Exceptions\DatabaseException: No se puede establecer una conexión ya que el equipo de destino denegó expresamente dicha conexión in C:\xamppp\htdocs\MODA_GRIPP\system\Database\MySQLi\Connection.php:231
Stack trace:
#0 C:\xamppp\htdocs\MODA_GRIPP\system\Database\BaseConnection.php(421): CodeIgniter\Database\MySQLi\Connection->connect(false)
#1 C:\xamppp\htdocs\MODA_GRIPP\system\Database\BaseConnection.php(616): CodeIgniter\Database\BaseConnection->initialize()
#2 C:\xamppp\htdocs\MODA_GRIPP\system\Database\BaseBuilder.php(1636): CodeIgniter\Database\BaseConnection->query('SELECT *\nFROM `...', Array, false)
#3 C:\xamppp\htdocs\MODA_GRIPP\system\Model.php(286): CodeIgniter\Database\BaseBuilder->get()
#4 C:\xamppp\htdocs\MODA_GRIPP\system\BaseModel.php(676): CodeIgniter\Model->doFindAll(0, 0)
#5 C:\xamppp\htdocs\MODA_GRIPP\app\Controllers\Home.php(15): CodeIgniter\BaseModel->findAll()
#6 C:\xamppp\htdocs\MODA_GRIPP\system\CodeIgniter.php(933): App\Controllers\Home->index()
#7 C:\xamppp\htdocs\MODA_GRIPP\system\CodeIgniter.php(509): CodeIgniter\CodeIgniter->runController(Object(App\Controllers\Home))
#8 C:\xamppp\htdocs\MODA_GRIPP\system\CodeIgniter.php(355): CodeIgniter\CodeIgniter->handleRequest(NULL, Object(Config\Cache), false)
#9 C:\xamppp\htdocs\MODA_GRIPP\system\Boot.php(325): CodeIgniter\CodeIgniter->run()
#10 C:\xamppp\htdocs\MODA_GRIPP\system\Boot.php(67): CodeIgniter\Boot::runCodeIgniter(Object(CodeIgniter\CodeIgniter))
#11 C:\xamppp\htdocs\MODA_GRIPP\public\index.php(56): CodeIgniter\Boot::bootWeb(Object(Config\Paths))
#12 {main}
CRITICAL - 2024-11-03 21:00:56 --> CodeIgniter\Database\Exceptions\DatabaseException: Unable to connect to the database.
Main connection [MySQLi]: No se puede establecer una conexión ya que el equipo de destino denegó expresamente dicha conexión
[Method: GET, Route: /]
in SYSTEMPATH\Database\BaseConnection.php on line 467.
 1 SYSTEMPATH\Database\BaseConnection.php(616): CodeIgniter\Database\BaseConnection->initialize()
 2 SYSTEMPATH\Database\BaseBuilder.php(1636): CodeIgniter\Database\BaseConnection->query('SELECT *
FROM `producto`', [], false)
 3 SYSTEMPATH\Model.php(286): CodeIgniter\Database\BaseBuilder->get()
 4 SYSTEMPATH\BaseModel.php(676): CodeIgniter\Model->doFindAll(0, 0)
 5 APPPATH\Controllers\Home.php(15): CodeIgniter\BaseModel->findAll()
 6 SYSTEMPATH\CodeIgniter.php(933): App\Controllers\Home->index()
 7 SYSTEMPATH\CodeIgniter.php(509): CodeIgniter\CodeIgniter->runController(Object(App\Controllers\Home))
 8 SYSTEMPATH\CodeIgniter.php(355): CodeIgniter\CodeIgniter->handleRequest(null, Object(Config\Cache), false)
 9 SYSTEMPATH\Boot.php(325): CodeIgniter\CodeIgniter->run()
10 SYSTEMPATH\Boot.php(67): CodeIgniter\Boot::runCodeIgniter(Object(CodeIgniter\CodeIgniter))
11 FCPATH\index.php(56): CodeIgniter\Boot::bootWeb(Object(Config\Paths))
INFO - 2024-11-03 21:47:56 --> Session: Class initialized using 'CodeIgniter\Session\Handlers\FileHandler' driver.
INFO - 2024-11-03 21:47:56 --> Session: Class initialized using 'CodeIgniter\Session\Handlers\FileHandler' driver.
INFO - 2024-11-03 21:48:03 --> Session: Class initialized using 'CodeIgniter\Session\Handlers\FileHandler' driver.
INFO - 2024-11-03 21:48:03 --> Session: Class initialized using 'CodeIgniter\Session\Handlers\FileHandler' driver.
INFO - 2024-11-03 21:48:10 --> Session: Class initialized using 'CodeIgniter\Session\Handlers\FileHandler' driver.
INFO - 2024-11-03 21:48:40 --> Session: Class initialized using 'CodeIgniter\Session\Handlers\FileHandler' driver.
INFO - 2024-11-03 21:49:24 --> Session: Class initialized using 'CodeIgniter\Session\Handlers\FileHandler' driver.
INFO - 2024-11-03 21:49:31 --> Session: Class initialized using 'CodeIgniter\Session\Handlers\FileHandler' driver.
INFO - 2024-11-03 21:50:54 --> Session: Class initialized using 'CodeIgniter\Session\Handlers\FileHandler' driver.
INFO - 2024-11-03 21:52:04 --> Session: Class initialized using 'CodeIgniter\Session\Handlers\FileHandler' driver.
INFO - 2024-11-03 21:59:08 --> Session: Class initialized using 'CodeIgniter\Session\Handlers\FileHandler' driver.
INFO - 2024-11-03 21:59:08 --> Session: Class initialized using 'CodeIgniter\Session\Handlers\FileHandler' driver.
INFO - 2024-11-03 22:02:26 --> Session: Class initialized using 'CodeIgniter\Session\Handlers\FileHandler' driver.
