INFO - 2024-09-22 14:20:38 --> Session: Class initialized using 'CodeIgniter\Session\Handlers\FileHandler' driver.
INFO - 2024-09-22 14:20:47 --> Session: Class initialized using 'CodeIgniter\Session\Handlers\FileHandler' driver.
ERROR - 2024-09-22 14:20:51 --> Error connecting to the database: mysqli_sql_exception: No se puede establecer una conexión ya que el equipo de destino denegó expresamente dicha conexión in C:\xamppp\htdocs\MODA_GRIPP\system\Database\MySQLi\Connection.php:187
Stack trace:
#0 C:\xamppp\htdocs\MODA_GRIPP\system\Database\MySQLi\Connection.php(187): mysqli->real_connect('localhost', 'root', '', 'grip_base', 3306, '', 0)
#1 C:\xamppp\htdocs\MODA_GRIPP\system\Database\BaseConnection.php(421): CodeIgniter\Database\MySQLi\Connection->connect(false)
#2 C:\xamppp\htdocs\MODA_GRIPP\system\Database\BaseConnection.php(616): CodeIgniter\Database\BaseConnection->initialize()
#3 C:\xamppp\htdocs\MODA_GRIPP\system\Database\BaseBuilder.php(1636): CodeIgniter\Database\BaseConnection->query('SELECT *\nFROM `...', Array, false)
#4 C:\xamppp\htdocs\MODA_GRIPP\system\Model.php(330): CodeIgniter\Database\BaseBuilder->get()
#5 C:\xamppp\htdocs\MODA_GRIPP\system\BaseModel.php(714): CodeIgniter\Model->doFirst()
#6 C:\xamppp\htdocs\MODA_GRIPP\app\Controllers\login.php(32): CodeIgniter\BaseModel->first()
#7 C:\xamppp\htdocs\MODA_GRIPP\system\CodeIgniter.php(933): App\Controllers\Login->validarIngreso()
#8 C:\xamppp\htdocs\MODA_GRIPP\system\CodeIgniter.php(509): CodeIgniter\CodeIgniter->runController(Object(App\Controllers\Login))
#9 C:\xamppp\htdocs\MODA_GRIPP\system\CodeIgniter.php(355): CodeIgniter\CodeIgniter->handleRequest(NULL, Object(Config\Cache), false)
#10 C:\xamppp\htdocs\MODA_GRIPP\system\Boot.php(325): CodeIgniter\CodeIgniter->run()
#11 C:\xamppp\htdocs\MODA_GRIPP\system\Boot.php(67): CodeIgniter\Boot::runCodeIgniter(Object(CodeIgniter\CodeIgniter))
#12 C:\xamppp\htdocs\MODA_GRIPP\public\index.php(56): CodeIgniter\Boot::bootWeb(Object(Config\Paths))
#13 {main}

Next CodeIgniter\Database\Exceptions\DatabaseException: No se puede establecer una conexión ya que el equipo de destino denegó expresamente dicha conexión in C:\xamppp\htdocs\MODA_GRIPP\system\Database\MySQLi\Connection.php:231
Stack trace:
#0 C:\xamppp\htdocs\MODA_GRIPP\system\Database\BaseConnection.php(421): CodeIgniter\Database\MySQLi\Connection->connect(false)
#1 C:\xamppp\htdocs\MODA_GRIPP\system\Database\BaseConnection.php(616): CodeIgniter\Database\BaseConnection->initialize()
#2 C:\xamppp\htdocs\MODA_GRIPP\system\Database\BaseBuilder.php(1636): CodeIgniter\Database\BaseConnection->query('SELECT *\nFROM `...', Array, false)
#3 C:\xamppp\htdocs\MODA_GRIPP\system\Model.php(330): CodeIgniter\Database\BaseBuilder->get()
#4 C:\xamppp\htdocs\MODA_GRIPP\system\BaseModel.php(714): CodeIgniter\Model->doFirst()
#5 C:\xamppp\htdocs\MODA_GRIPP\app\Controllers\login.php(32): CodeIgniter\BaseModel->first()
#6 C:\xamppp\htdocs\MODA_GRIPP\system\CodeIgniter.php(933): App\Controllers\Login->validarIngreso()
#7 C:\xamppp\htdocs\MODA_GRIPP\system\CodeIgniter.php(509): CodeIgniter\CodeIgniter->runController(Object(App\Controllers\Login))
#8 C:\xamppp\htdocs\MODA_GRIPP\system\CodeIgniter.php(355): CodeIgniter\CodeIgniter->handleRequest(NULL, Object(Config\Cache), false)
#9 C:\xamppp\htdocs\MODA_GRIPP\system\Boot.php(325): CodeIgniter\CodeIgniter->run()
#10 C:\xamppp\htdocs\MODA_GRIPP\system\Boot.php(67): CodeIgniter\Boot::runCodeIgniter(Object(CodeIgniter\CodeIgniter))
#11 C:\xamppp\htdocs\MODA_GRIPP\public\index.php(56): CodeIgniter\Boot::bootWeb(Object(Config\Paths))
#12 {main}
CRITICAL - 2024-09-22 14:20:51 --> CodeIgniter\Database\Exceptions\DatabaseException: Unable to connect to the database.
Main connection [MySQLi]: No se puede establecer una conexión ya que el equipo de destino denegó expresamente dicha conexión
[Method: POST, Route: login/validarIngreso]
in SYSTEMPATH\Database\BaseConnection.php on line 467.
 1 SYSTEMPATH\Database\BaseConnection.php(616): CodeIgniter\Database\BaseConnection->initialize()
 2 SYSTEMPATH\Database\BaseBuilder.php(1636): CodeIgniter\Database\BaseConnection->query('SELECT *
FROM `login_admin`
WHERE `usuario_login` = :usuario_login:
 LIMIT 1', [...], false)
 3 SYSTEMPATH\Model.php(330): CodeIgniter\Database\BaseBuilder->get()
 4 SYSTEMPATH\BaseModel.php(714): CodeIgniter\Model->doFirst()
 5 APPPATH\Controllers\login.php(32): CodeIgniter\BaseModel->first()
 6 SYSTEMPATH\CodeIgniter.php(933): App\Controllers\Login->validarIngreso()
 7 SYSTEMPATH\CodeIgniter.php(509): CodeIgniter\CodeIgniter->runController(Object(App\Controllers\Login))
 8 SYSTEMPATH\CodeIgniter.php(355): CodeIgniter\CodeIgniter->handleRequest(null, Object(Config\Cache), false)
 9 SYSTEMPATH\Boot.php(325): CodeIgniter\CodeIgniter->run()
10 SYSTEMPATH\Boot.php(67): CodeIgniter\Boot::runCodeIgniter(Object(CodeIgniter\CodeIgniter))
11 FCPATH\index.php(56): CodeIgniter\Boot::bootWeb(Object(Config\Paths))
INFO - 2024-09-22 14:21:34 --> Session: Class initialized using 'CodeIgniter\Session\Handlers\FileHandler' driver.
INFO - 2024-09-22 14:21:39 --> Session: Class initialized using 'CodeIgniter\Session\Handlers\FileHandler' driver.
INFO - 2024-09-22 14:21:40 --> Session: Class initialized using 'CodeIgniter\Session\Handlers\FileHandler' driver.
INFO - 2024-09-22 14:22:11 --> Session: Class initialized using 'CodeIgniter\Session\Handlers\FileHandler' driver.
